<?xml version="1.0" encoding="UTF-8"?>
<!-- Generated by org.testng.reporters.JUnitXMLReporter -->
<testsuite ignored="4" hostname="Chesschamp123" failures="0" tests="1" name="Default test" time="4.094" errors="0" timestamp="2024-06-27T21:40:08 CDT">
  <testcase classname="com.Salesforce.test.SfdcAutomation" name="SfdcInvalidUsernamePwd" time="1.252"/>
  <testcase classname="com.Salesforce.test.SfdcAutomation" name="Sfdcforgotpwd" time="0.0">
    <ignored/>
  </testcase> <!-- Sfdcforgotpwd -->
  <testcase classname="com.Salesforce.test.SfdcAutomation" name="Sdfcloginpositive" time="0.0">
    <ignored/>
  </testcase> <!-- Sdfcloginpositive -->
  <testcase classname="com.Salesforce.test.SfdcAutomation" name="Sfdcinvalidlogin" time="0.0">
    <ignored/>
  </testcase> <!-- Sfdcinvalidlogin -->
  <testcase classname="com.Salesforce.test.SfdcAutomation" name="Sfdcrememberme" time="0.0">
    <ignored/>
  </testcase> <!-- Sfdcrememberme -->
</testsuite> <!-- Default test -->
