<?xml version="1.0" encoding="UTF-8"?>
<testng-results ignored="0" total="5" passed="5" failed="0" skipped="0">
  <reporter-output>
  </reporter-output>
  <suite started-at="2024-06-28T00:28:46 CDT" name="Suite" finished-at="2024-06-28T00:29:29 CDT" duration-ms="43423">
    <groups>
    </groups>
    <test started-at="2024-06-28T00:28:46 CDT" name="Test" finished-at="2024-06-28T00:29:29 CDT" duration-ms="43423">
      <class name="com.Salesforce.test.SfdcAutomation">
        <test-method is-config="true" signature="setUpBeforeMethod(java.lang.String)[pri:0, instance:com.Salesforce.test.SfdcAutomation@18b0930f]" started-at="2024-06-28T00:28:46 CDT" name="setUpBeforeMethod" finished-at="2024-06-28T00:28:50 CDT" duration-ms="3738" status="PASS">
          <params>
            <param index="0">
              <value>
                <![CDATA[chrome]]>
              </value>
            </param>
          </params>
          <reporter-output>
          </reporter-output>
        </test-method> <!-- setUpBeforeMethod -->
        <test-method signature="Sdfcloginpositive()[pri:0, instance:com.Salesforce.test.SfdcAutomation@18b0930f]" started-at="2024-06-28T00:28:50 CDT" name="Sdfcloginpositive" finished-at="2024-06-28T00:28:55 CDT" duration-ms="4718" status="PASS">
          <reporter-output>
          </reporter-output>
        </test-method> <!-- Sdfcloginpositive -->
        <test-method is-config="true" signature="tearDownAfterTestMethod()[pri:0, instance:com.Salesforce.test.SfdcAutomation@18b0930f]" started-at="2024-06-28T00:28:55 CDT" name="tearDownAfterTestMethod" finished-at="2024-06-28T00:28:55 CDT" duration-ms="208" status="PASS">
          <reporter-output>
          </reporter-output>
        </test-method> <!-- tearDownAfterTestMethod -->
        <test-method is-config="true" signature="setUpBeforeMethod(java.lang.String)[pri:0, instance:com.Salesforce.test.SfdcAutomation@18b0930f]" started-at="2024-06-28T00:28:55 CDT" name="setUpBeforeMethod" finished-at="2024-06-28T00:28:57 CDT" duration-ms="1828" status="PASS">
          <params>
            <param index="0">
              <value>
                <![CDATA[chrome]]>
              </value>
            </param>
          </params>
          <reporter-output>
          </reporter-output>
        </test-method> <!-- setUpBeforeMethod -->
        <test-method signature="SfdcInvalidUsernamePwd()[pri:0, instance:com.Salesforce.test.SfdcAutomation@18b0930f]" started-at="2024-06-28T00:28:57 CDT" name="SfdcInvalidUsernamePwd" finished-at="2024-06-28T00:28:58 CDT" duration-ms="1317" status="PASS">
          <reporter-output>
          </reporter-output>
        </test-method> <!-- SfdcInvalidUsernamePwd -->
        <test-method is-config="true" signature="tearDownAfterTestMethod()[pri:0, instance:com.Salesforce.test.SfdcAutomation@18b0930f]" started-at="2024-06-28T00:28:58 CDT" name="tearDownAfterTestMethod" finished-at="2024-06-28T00:28:59 CDT" duration-ms="1005" status="PASS">
          <reporter-output>
          </reporter-output>
        </test-method> <!-- tearDownAfterTestMethod -->
        <test-method is-config="true" signature="setUpBeforeMethod(java.lang.String)[pri:0, instance:com.Salesforce.test.SfdcAutomation@18b0930f]" started-at="2024-06-28T00:28:59 CDT" name="setUpBeforeMethod" finished-at="2024-06-28T00:29:03 CDT" duration-ms="3427" status="PASS">
          <params>
            <param index="0">
              <value>
                <![CDATA[chrome]]>
              </value>
            </param>
          </params>
          <reporter-output>
          </reporter-output>
        </test-method> <!-- setUpBeforeMethod -->
        <test-method signature="Sfdcforgotpwd()[pri:0, instance:com.Salesforce.test.SfdcAutomation@18b0930f]" started-at="2024-06-28T00:29:03 CDT" name="Sfdcforgotpwd" finished-at="2024-06-28T00:29:13 CDT" duration-ms="10257" status="PASS">
          <reporter-output>
          </reporter-output>
        </test-method> <!-- Sfdcforgotpwd -->
        <test-method is-config="true" signature="tearDownAfterTestMethod()[pri:0, instance:com.Salesforce.test.SfdcAutomation@18b0930f]" started-at="2024-06-28T00:29:13 CDT" name="tearDownAfterTestMethod" finished-at="2024-06-28T00:29:14 CDT" duration-ms="1438" status="PASS">
          <reporter-output>
          </reporter-output>
        </test-method> <!-- tearDownAfterTestMethod -->
        <test-method is-config="true" signature="setUpBeforeMethod(java.lang.String)[pri:0, instance:com.Salesforce.test.SfdcAutomation@18b0930f]" started-at="2024-06-28T00:29:14 CDT" name="setUpBeforeMethod" finished-at="2024-06-28T00:29:16 CDT" duration-ms="2154" status="PASS">
          <params>
            <param index="0">
              <value>
                <![CDATA[chrome]]>
              </value>
            </param>
          </params>
          <reporter-output>
          </reporter-output>
        </test-method> <!-- setUpBeforeMethod -->
        <test-method signature="Sfdcinvalidlogin()[pri:0, instance:com.Salesforce.test.SfdcAutomation@18b0930f]" started-at="2024-06-28T00:29:16 CDT" name="Sfdcinvalidlogin" finished-at="2024-06-28T00:29:18 CDT" duration-ms="1570" status="PASS">
          <reporter-output>
          </reporter-output>
        </test-method> <!-- Sfdcinvalidlogin -->
        <test-method is-config="true" signature="tearDownAfterTestMethod()[pri:0, instance:com.Salesforce.test.SfdcAutomation@18b0930f]" started-at="2024-06-28T00:29:18 CDT" name="tearDownAfterTestMethod" finished-at="2024-06-28T00:29:18 CDT" duration-ms="307" status="PASS">
          <reporter-output>
          </reporter-output>
        </test-method> <!-- tearDownAfterTestMethod -->
        <test-method is-config="true" signature="setUpBeforeMethod(java.lang.String)[pri:0, instance:com.Salesforce.test.SfdcAutomation@18b0930f]" started-at="2024-06-28T00:29:18 CDT" name="setUpBeforeMethod" finished-at="2024-06-28T00:29:20 CDT" duration-ms="1514" status="PASS">
          <params>
            <param index="0">
              <value>
                <![CDATA[chrome]]>
              </value>
            </param>
          </params>
          <reporter-output>
          </reporter-output>
        </test-method> <!-- setUpBeforeMethod -->
        <test-method signature="Sfdcrememberme()[pri:0, instance:com.Salesforce.test.SfdcAutomation@18b0930f]" started-at="2024-06-28T00:29:20 CDT" name="Sfdcrememberme" finished-at="2024-06-28T00:29:29 CDT" duration-ms="8961" status="PASS">
          <reporter-output>
          </reporter-output>
        </test-method> <!-- Sfdcrememberme -->
        <test-method is-config="true" signature="tearDownAfterTestMethod()[pri:0, instance:com.Salesforce.test.SfdcAutomation@18b0930f]" started-at="2024-06-28T00:29:29 CDT" name="tearDownAfterTestMethod" finished-at="2024-06-28T00:29:29 CDT" duration-ms="672" status="PASS">
          <reporter-output>
          </reporter-output>
        </test-method> <!-- tearDownAfterTestMethod -->
      </class> <!-- com.Salesforce.test.SfdcAutomation -->
    </test> <!-- Test -->
  </suite> <!-- Suite -->
</testng-results>
